<?xml version="1.0" encoding="UTF-8"?>
<!-- Generated by org.testng.reporters.JUnitXMLReporter -->
<testsuite hostname="CS-PRG-WS171164" name="Command line test" tests="15" failures="0" timestamp="2 Jul 2014 11:43:25 GMT" time="16.052" errors="0">
  <testcase name="@BeforeClass prepareTest" time="0.0" classname="ru.crystals.test2.SpiritRestrictionsToSAPTest">
    <failure type="org.openqa.selenium.WebDriverException" message="unknown error: Error calling method on NPObject.
  (Session info: chrome=35.0.1916.153)
  (Driver info: chromedriver=2.10.267521,platform=Windows NT 6.1 SP1 x86_64) (WARNING: The server did not provide any stacktrace information)
Command duration or timeout: 15 milliseconds
Build info: version: &amp;apos;2.37.1&amp;apos;, revision: &amp;apos;a7c61cbd68657e133ae96672cf995890bad2ee42&amp;apos;, time: &amp;apos;2013-10-21 09:08:07&amp;apos;
System info: host: &amp;apos;CS-PRG-WS171164&amp;apos;, ip: &amp;apos;172.16.2.93&amp;apos;, os.name: &amp;apos;Windows 7&amp;apos;, os.arch: &amp;apos;amd64&amp;apos;, os.version: &amp;apos;6.1&amp;apos;, java.version: &amp;apos;1.7.0_09&amp;apos;
Session ID: 629d4e94bb67a1604ef1cb119ec319d6
Driver info: org.openqa.selenium.remote.RemoteWebDriver
Capabilities [{platform=XP, acceptSslCerts=true, javascriptEnabled=true, browserName=chrome, chrome={userDataDir=C:\Users\agoley\AppData\Local\Temp\scoped_dir432_19754}, rotatable=false, locationContextEnabled=true, version=35.0.1916.153, takesHeapSnapshot=true, cssSelectorsEnabled=true, databaseEnabled=false, handlesAlerts=true, browserConnectionEnabled=false, webStorageEnabled=true, nativeEvents=true, applicationCacheEnabled=false, takesScreenshot=true}]">
      <![CDATA[org.openqa.selenium.WebDriverException: unknown error: Error calling method on NPObject.
  (Session info: chrome=35.0.1916.153)
  (Driver info: chromedriver=2.10.267521,platform=Windows NT 6.1 SP1 x86_64) (WARNING: The server did not provide any stacktrace information)
Command duration or timeout: 15 milliseconds
Build info: version: '2.37.1', revision: 'a7c61cbd68657e133ae96672cf995890bad2ee42', time: '2013-10-21 09:08:07'
System info: host: 'CS-PRG-WS171164', ip: '172.16.2.93', os.name: 'Windows 7', os.arch: 'amd64', os.version: '6.1', java.version: '1.7.0_09'
Session ID: 629d4e94bb67a1604ef1cb119ec319d6
Driver info: org.openqa.selenium.remote.RemoteWebDriver
Capabilities [{platform=XP, acceptSslCerts=true, javascriptEnabled=true, browserName=chrome, chrome={userDataDir=C:\Users\agoley\AppData\Local\Temp\scoped_dir432_19754}, rotatable=false, locationContextEnabled=true, version=35.0.1916.153, takesHeapSnapshot=true, cssSelectorsEnabled=true, databaseEnabled=false, handlesAlerts=true, browserConnectionEnabled=false, webStorageEnabled=true, nativeEvents=true, applicationCacheEnabled=false, takesScreenshot=true}]
	at org.openqa.selenium.remote.ErrorHandler.createThrowable(ErrorHandler.java:204)
	at org.openqa.selenium.remote.ErrorHandler.throwIfResponseFailed(ErrorHandler.java:156)
	at org.openqa.selenium.remote.RemoteWebDriver.execute(RemoteWebDriver.java:599)
	at org.openqa.selenium.remote.RemoteWebDriver.executeScript(RemoteWebDriver.java:508)
	at ru.crystals.test2.utils.FlexMediator.ecxecute(FlexMediator.java:71)
	at ru.crystals.test2.utils.FlexMediator.doFlexProperty(FlexMediator.java:26)
	at ru.crystals.test2.sales.preferences.goodstypes.alcohol.AlcoholPage.selectAlcoholTab(AlcoholPage.java:25)
	at ru.crystals.test2.SpiritRestrictionsToSAPTest.prepareTest(SpiritRestrictionsToSAPTest.java:36)
	at $Proxy0.invoke(Unknown Source)
... Removed 37 stack frames]]>
    </failure>
  </testcase> <!-- @BeforeClass prepareTest -->
  <testcase name="@BeforeMethod printTestName" time="0.0" classname="ru.crystals.test2.SpiritRestrictionsToSAPTest">
    <skipped/>
  </testcase> <!-- @BeforeMethod printTestName -->
  <testcase name="@AfterClass close" time="0.0" classname="ru.crystals.test2.SpiritRestrictionsToSAPTest">
    <skipped/>
  </testcase> <!-- @AfterClass close -->
  <testcase name="@BeforeClass setupWebDriver" time="0.0" classname="ru.crystals.test2.TableReportTest">
    <skipped/>
  </testcase> <!-- @BeforeClass setupWebDriver -->
  <testcase name="@BeforeClass navigateToTableReports" time="0.0" classname="ru.crystals.test2.TableReportTest">
    <skipped/>
  </testcase> <!-- @BeforeClass navigateToTableReports -->
  <testcase name="@BeforeMethod printTestName" time="0.0" classname="ru.crystals.test2.TableReportTest">
    <skipped/>
  </testcase> <!-- @BeforeMethod printTestName -->
  <testcase name="@BeforeMethod printTestName" time="0.0" classname="ru.crystals.test2.TableReportTest">
    <skipped/>
  </testcase> <!-- @BeforeMethod printTestName -->
  <testcase name="@BeforeMethod printTestName" time="0.0" classname="ru.crystals.test2.TableReportTest">
    <skipped/>
  </testcase> <!-- @BeforeMethod printTestName -->
  <testcase name="@BeforeMethod printTestName" time="0.0" classname="ru.crystals.test2.TableReportTest">
    <skipped/>
  </testcase> <!-- @BeforeMethod printTestName -->
  <testcase name="@BeforeMethod printTestName" time="0.0" classname="ru.crystals.test2.TableReportTest">
    <skipped/>
  </testcase> <!-- @BeforeMethod printTestName -->
  <testcase name="@BeforeMethod printTestName" time="0.0" classname="ru.crystals.test2.TableReportTest">
    <skipped/>
  </testcase> <!-- @BeforeMethod printTestName -->
  <testcase name="@BeforeMethod printTestName" time="0.0" classname="ru.crystals.test2.TableReportTest">
    <skipped/>
  </testcase> <!-- @BeforeMethod printTestName -->
  <testcase name="@BeforeMethod printTestName" time="0.0" classname="ru.crystals.test2.TableReportTest">
    <skipped/>
  </testcase> <!-- @BeforeMethod printTestName -->
  <testcase name="@BeforeMethod printTestName" time="0.0" classname="ru.crystals.test2.TableReportTest">
    <skipped/>
  </testcase> <!-- @BeforeMethod printTestName -->
  <testcase name="@BeforeMethod printTestName" time="0.0" classname="ru.crystals.test2.TableReportTest">
    <skipped/>
  </testcase> <!-- @BeforeMethod printTestName -->
  <testcase name="@BeforeMethod printTestName" time="0.0" classname="ru.crystals.test2.TableReportTest">
    <skipped/>
  </testcase> <!-- @BeforeMethod printTestName -->
  <testcase name="@BeforeMethod printTestName" time="0.0" classname="ru.crystals.test2.TableReportTest">
    <skipped/>
  </testcase> <!-- @BeforeMethod printTestName -->
  <testcase name="@BeforeMethod printTestName" time="0.0" classname="ru.crystals.test2.TableReportTest">
    <skipped/>
  </testcase> <!-- @BeforeMethod printTestName -->
  <testcase name="@BeforeMethod printTestName" time="0.0" classname="ru.crystals.test2.TableReportTest">
    <skipped/>
  </testcase> <!-- @BeforeMethod printTestName -->
  <testcase name="@AfterClass close" time="0.0" classname="ru.crystals.test2.TableReportTest">
    <skipped/>
  </testcase> <!-- @AfterClass close -->
  <testcase name="test" time="0.0" classname="ru.crystals.test2.SpiritRestrictionsToSAPTest">
    <skipped/>
  </testcase> <!-- test -->
  <testcase name="testAdverstingHTMLReportTableHead" time="0.0" classname="ru.crystals.test2.TableReportTest">
    <skipped/>
  </testcase> <!-- testAdverstingHTMLReportTableHead -->
  <testcase name="testAdverstingHTMLReportTableHead" time="0.0" classname="ru.crystals.test2.TableReportTest">
    <skipped/>
  </testcase> <!-- testAdverstingHTMLReportTableHead -->
  <testcase name="testAdverstingHTMLReportTableHead" time="0.0" classname="ru.crystals.test2.TableReportTest">
    <skipped/>
  </testcase> <!-- testAdverstingHTMLReportTableHead -->
  <testcase name="testAdverstingHTMLReportTableHead" time="0.0" classname="ru.crystals.test2.TableReportTest">
    <skipped/>
  </testcase> <!-- testAdverstingHTMLReportTableHead -->
  <testcase name="testAdverstingHTMLReportTableHead" time="0.0" classname="ru.crystals.test2.TableReportTest">
    <skipped/>
  </testcase> <!-- testAdverstingHTMLReportTableHead -->
  <testcase name="testAdverstingHTMLReportTableHead" time="0.0" classname="ru.crystals.test2.TableReportTest">
    <skipped/>
  </testcase> <!-- testAdverstingHTMLReportTableHead -->
  <testcase name="testAdverstingHTMLReportTableHead" time="0.0" classname="ru.crystals.test2.TableReportTest">
    <skipped/>
  </testcase> <!-- testAdverstingHTMLReportTableHead -->
  <testcase name="testAdverstingHTMLReportTableHead" time="0.0" classname="ru.crystals.test2.TableReportTest">
    <skipped/>
  </testcase> <!-- testAdverstingHTMLReportTableHead -->
  <testcase name="testAdverstingHTMLReportTableHead" time="0.0" classname="ru.crystals.test2.TableReportTest">
    <skipped/>
  </testcase> <!-- testAdverstingHTMLReportTableHead -->
  <testcase name="testAdverstingHTMLReportTableHead" time="0.0" classname="ru.crystals.test2.TableReportTest">
    <skipped/>
  </testcase> <!-- testAdverstingHTMLReportTableHead -->
  <testcase name="testAdverstingHTMLReportTableHead" time="0.0" classname="ru.crystals.test2.TableReportTest">
    <skipped/>
  </testcase> <!-- testAdverstingHTMLReportTableHead -->
  <testcase name="testEmptyAdverstingHTMLReport" time="0.0" classname="ru.crystals.test2.TableReportTest">
    <skipped/>
  </testcase> <!-- testEmptyAdverstingHTMLReport -->
  <testcase name="testGoodInReport" time="0.0" classname="ru.crystals.test2.TableReportTest">
    <skipped/>
  </testcase> <!-- testGoodInReport -->
  <testcase name="testWithEmptyShop" time="0.0" classname="ru.crystals.test2.TableReportTest">
    <skipped/>
  </testcase> <!-- testWithEmptyShop -->
</testsuite> <!-- Command line test -->
