<?xml version="1.0" encoding="UTF-8"?>
<!-- Generated by org.testng.reporters.JUnitReportReporter -->
<testsuite hostname="CS-PRG-WS171164" name="ru.crystals.disinsector2.test.tablereports.TableReportAdverstingTest" tests="20" failures="0" timestamp="8 Jul 2014 09:32:16 GMT" time="62.340" errors="2">
  <testcase name="testAdverstingHTMLReportTableHead" time="0.244" classname="ru.crystals.disinsector2.test.tablereports.TableReportAdverstingTest"/>
  <testcase name="testAdverstingHTMLReportTableHead" time="0.244" classname="ru.crystals.disinsector2.test.tablereports.TableReportAdverstingTest"/>
  <testcase name="testAdverstingHTMLReportTableHead" time="0.261" classname="ru.crystals.disinsector2.test.tablereports.TableReportAdverstingTest"/>
  <testcase name="testAdverstingHTMLReportTableHead" time="0.224" classname="ru.crystals.disinsector2.test.tablereports.TableReportAdverstingTest"/>
  <testcase name="testAdverstingHTMLReportTableHead" time="0.237" classname="ru.crystals.disinsector2.test.tablereports.TableReportAdverstingTest"/>
  <testcase name="testAdverstingHTMLReportTableHead" time="0.240" classname="ru.crystals.disinsector2.test.tablereports.TableReportAdverstingTest"/>
  <testcase name="testAdverstingHTMLReportTableHead" time="0.228" classname="ru.crystals.disinsector2.test.tablereports.TableReportAdverstingTest"/>
  <testcase name="testAdverstingHTMLReportTableHead" time="0.213" classname="ru.crystals.disinsector2.test.tablereports.TableReportAdverstingTest"/>
  <testcase name="testWithEmptyShop" time="0.006" classname="ru.crystals.disinsector2.test.tablereports.TableReportAdverstingTest">
    <error type="java.lang.AssertionError" message="В отчете отсутствует информация по магазину: 2100 expected [true] but found [false]">
      <![CDATA[java.lang.AssertionError: В отчете отсутствует информация по магазину: 2100 expected [true] but found [false]
	at org.testng.Assert.fail(Assert.java:94)
	at org.testng.Assert.failNotEquals(Assert.java:494)
	at org.testng.Assert.assertTrue(Assert.java:42)
	at ru.crystals.disinsector2.test.tablereports.TableReportAdverstingTest.testWithEmptyShop(TableReportAdverstingTest.java:91)
	at sun.reflect.NativeMethodAccessorImpl.invoke0(Native Method)
	at sun.reflect.NativeMethodAccessorImpl.invoke(NativeMethodAccessorImpl.java:57)
	at sun.reflect.DelegatingMethodAccessorImpl.invoke(DelegatingMethodAccessorImpl.java:43)
	at java.lang.reflect.Method.invoke(Method.java:601)
	at org.testng.internal.MethodInvocationHelper.invokeMethod(MethodInvocationHelper.java:80)
	at org.testng.internal.Invoker.invokeMethod(Invoker.java:714)
	at org.testng.internal.Invoker.invokeTestMethod(Invoker.java:901)
	at org.testng.internal.Invoker.invokeTestMethods(Invoker.java:1231)
	at org.testng.internal.TestMethodWorker.invokeTestMethods(TestMethodWorker.java:128)
	at org.testng.internal.TestMethodWorker.run(TestMethodWorker.java:111)
	at org.testng.TestRunner.privateRun(TestRunner.java:767)
	at org.testng.TestRunner.run(TestRunner.java:617)
	at org.testng.SuiteRunner.runTest(SuiteRunner.java:334)
	at org.testng.SuiteRunner.runSequentially(SuiteRunner.java:329)
	at org.testng.SuiteRunner.privateRun(SuiteRunner.java:291)
	at org.testng.SuiteRunner.run(SuiteRunner.java:240)
	at org.testng.SuiteRunnerWorker.runSuite(SuiteRunnerWorker.java:52)
	at org.testng.SuiteRunnerWorker.run(SuiteRunnerWorker.java:86)
	at org.testng.TestNG.runSuitesSequentially(TestNG.java:1203)
	at org.testng.TestNG.runSuitesLocally(TestNG.java:1128)
	at org.testng.TestNG.run(TestNG.java:1036)
	at org.testng.remote.RemoteTestNG.run(RemoteTestNG.java:111)
	at org.testng.remote.RemoteTestNG.initAndRun(RemoteTestNG.java:204)
	at org.testng.remote.RemoteTestNG.main(RemoteTestNG.java:175)
]]>
    </error>
  </testcase> <!-- testWithEmptyShop -->
  <testcase name="testAdverstingHTMLReportTableHead" time="0.217" classname="ru.crystals.disinsector2.test.tablereports.TableReportAdverstingTest"/>
  <testcase name="testAdverstingHTMLReportTableHead" time="0.242" classname="ru.crystals.disinsector2.test.tablereports.TableReportAdverstingTest"/>
  <testcase name="testEmptyAdverstingHTMLReport" time="0.216" classname="ru.crystals.disinsector2.test.tablereports.TableReportAdverstingTest"/>
  <testcase name="testAdverstingHTMLReportTableHead" time="0.214" classname="ru.crystals.disinsector2.test.tablereports.TableReportAdverstingTest"/>
  <testcase name="testAdverstingHTMLReportTableHead" time="0.245" classname="ru.crystals.disinsector2.test.tablereports.TableReportAdverstingTest"/>
  <testcase name="testAdverstingHTMLReportTableHead" time="0.231" classname="ru.crystals.disinsector2.test.tablereports.TableReportAdverstingTest"/>
  <testcase name="testAdverstingHTMLReportTableHead" time="0.221" classname="ru.crystals.disinsector2.test.tablereports.TableReportAdverstingTest"/>
  <testcase name="testGoodInReport" time="27.615" classname="ru.crystals.disinsector2.test.tablereports.TableReportAdverstingTest">
    <error type="java.lang.AssertionError" message="Отсутствует ERP код в отчете expected [true] but found [false]">
      <![CDATA[java.lang.AssertionError: Отсутствует ERP код в отчете expected [true] but found [false]
	at org.testng.Assert.fail(Assert.java:94)
	at org.testng.Assert.failNotEquals(Assert.java:494)
	at org.testng.Assert.assertTrue(Assert.java:42)
	at ru.crystals.disinsector2.test.tablereports.TableReportAdverstingTest.testGoodInReport(TableReportAdverstingTest.java:84)
	at sun.reflect.NativeMethodAccessorImpl.invoke0(Native Method)
	at sun.reflect.NativeMethodAccessorImpl.invoke(NativeMethodAccessorImpl.java:57)
	at sun.reflect.DelegatingMethodAccessorImpl.invoke(DelegatingMethodAccessorImpl.java:43)
	at java.lang.reflect.Method.invoke(Method.java:601)
	at org.testng.internal.MethodInvocationHelper.invokeMethod(MethodInvocationHelper.java:80)
	at org.testng.internal.Invoker.invokeMethod(Invoker.java:714)
	at org.testng.internal.Invoker.invokeTestMethod(Invoker.java:901)
	at org.testng.internal.Invoker.invokeTestMethods(Invoker.java:1231)
	at org.testng.internal.TestMethodWorker.invokeTestMethods(TestMethodWorker.java:128)
	at org.testng.internal.TestMethodWorker.run(TestMethodWorker.java:111)
	at org.testng.TestRunner.privateRun(TestRunner.java:767)
	at org.testng.TestRunner.run(TestRunner.java:617)
	at org.testng.SuiteRunner.runTest(SuiteRunner.java:334)
	at org.testng.SuiteRunner.runSequentially(SuiteRunner.java:329)
	at org.testng.SuiteRunner.privateRun(SuiteRunner.java:291)
	at org.testng.SuiteRunner.run(SuiteRunner.java:240)
	at org.testng.SuiteRunnerWorker.runSuite(SuiteRunnerWorker.java:52)
	at org.testng.SuiteRunnerWorker.run(SuiteRunnerWorker.java:86)
	at org.testng.TestNG.runSuitesSequentially(TestNG.java:1203)
	at org.testng.TestNG.runSuitesLocally(TestNG.java:1128)
	at org.testng.TestNG.run(TestNG.java:1036)
	at org.testng.remote.RemoteTestNG.run(RemoteTestNG.java:111)
	at org.testng.remote.RemoteTestNG.initAndRun(RemoteTestNG.java:204)
	at org.testng.remote.RemoteTestNG.main(RemoteTestNG.java:175)
]]>
    </error>
  </testcase> <!-- testGoodInReport -->
  <testcase name="testAdverstingHTMLReportTableHead" time="0.237" classname="ru.crystals.disinsector2.test.tablereports.TableReportAdverstingTest"/>
  <testcase name="testAdverstingHTMLReportTableHead" time="30.742" classname="ru.crystals.disinsector2.test.tablereports.TableReportAdverstingTest"/>
  <testcase name="testAdverstingHTMLReportTableHead" time="0.263" classname="ru.crystals.disinsector2.test.tablereports.TableReportAdverstingTest"/>
</testsuite> <!-- ru.crystals.disinsector2.test.tablereports.TableReportAdverstingTest -->
